

Started GET "/plates" for 127.0.0.1 at 2016-09-25 12:48:18 -0500

ActiveRecord::PendingMigrationError (

Migrations are pending. To resolve this issue, run:

	bin/rake db:migrate RAILS_ENV=development

):
  activerecord (4.2.7) lib/active_record/migration.rb:392:in `check_pending!'
  activerecord (4.2.7) lib/active_record/migration.rb:373:in `call'
  actionpack (4.2.7) lib/action_dispatch/middleware/callbacks.rb:29:in `block in call'
  activesupport (4.2.7) lib/active_support/callbacks.rb:88:in `__run_callbacks__'
  activesupport (4.2.7) lib/active_support/callbacks.rb:778:in `_run_call_callbacks'
  activesupport (4.2.7) lib/active_support/callbacks.rb:81:in `run_callbacks'
  actionpack (4.2.7) lib/action_dispatch/middleware/callbacks.rb:27:in `call'
  actionpack (4.2.7) lib/action_dispatch/middleware/reloader.rb:73:in `call'
  actionpack (4.2.7) lib/action_dispatch/middleware/remote_ip.rb:78:in `call'
  actionpack (4.2.7) lib/action_dispatch/middleware/debug_exceptions.rb:17:in `call'
  web-console (2.3.0) lib/web_console/middleware.rb:28:in `block in call'
  web-console (2.3.0) lib/web_console/middleware.rb:18:in `catch'
  web-console (2.3.0) lib/web_console/middleware.rb:18:in `call'
  actionpack (4.2.7) lib/action_dispatch/middleware/show_exceptions.rb:30:in `call'
  railties (4.2.7) lib/rails/rack/logger.rb:38:in `call_app'
  railties (4.2.7) lib/rails/rack/logger.rb:20:in `block in call'
  activesupport (4.2.7) lib/active_support/tagged_logging.rb:68:in `block in tagged'
  activesupport (4.2.7) lib/active_support/tagged_logging.rb:26:in `tagged'
  activesupport (4.2.7) lib/active_support/tagged_logging.rb:68:in `tagged'
  railties (4.2.7) lib/rails/rack/logger.rb:20:in `call'
  actionpack (4.2.7) lib/action_dispatch/middleware/request_id.rb:21:in `call'
  rack (1.6.4) lib/rack/methodoverride.rb:22:in `call'
  rack (1.6.4) lib/rack/runtime.rb:18:in `call'
  activesupport (4.2.7) lib/active_support/cache/strategy/local_cache_middleware.rb:28:in `call'
  rack (1.6.4) lib/rack/lock.rb:17:in `call'
  actionpack (4.2.7) lib/action_dispatch/middleware/static.rb:120:in `call'
  rack (1.6.4) lib/rack/sendfile.rb:113:in `call'
  railties (4.2.7) lib/rails/engine.rb:518:in `call'
  railties (4.2.7) lib/rails/application.rb:165:in `call'
  rack (1.6.4) lib/rack/lock.rb:17:in `call'
  rack (1.6.4) lib/rack/content_length.rb:15:in `call'
  rack (1.6.4) lib/rack/handler/webrick.rb:88:in `service'
  /home/maris/.rbenv/versions/2.2.1/lib/ruby/2.2.0/webrick/httpserver.rb:138:in `service'
  /home/maris/.rbenv/versions/2.2.1/lib/ruby/2.2.0/webrick/httpserver.rb:94:in `run'
  /home/maris/.rbenv/versions/2.2.1/lib/ruby/2.2.0/webrick/server.rb:294:in `block in start_thread'


  Rendered /home/maris/.rbenv/versions/2.2.1/lib/ruby/gems/2.2.0/gems/actionpack-4.2.7/lib/action_dispatch/middleware/templates/rescues/_source.erb (2.7ms)
  Rendered /home/maris/.rbenv/versions/2.2.1/lib/ruby/gems/2.2.0/gems/actionpack-4.2.7/lib/action_dispatch/middleware/templates/rescues/_trace.html.erb (1.8ms)
  Rendered /home/maris/.rbenv/versions/2.2.1/lib/ruby/gems/2.2.0/gems/actionpack-4.2.7/lib/action_dispatch/middleware/templates/rescues/_request_and_response.html.erb (1.0ms)
  Rendered /home/maris/.rbenv/versions/2.2.1/lib/ruby/gems/2.2.0/gems/actionpack-4.2.7/lib/action_dispatch/middleware/templates/rescues/diagnostics.html.erb within rescues/layout (25.6ms)
  Rendered /home/maris/.rbenv/versions/2.2.1/lib/ruby/gems/2.2.0/gems/web-console-2.3.0/lib/web_console/templates/_markup.html.erb (0.5ms)
  Rendered /home/maris/.rbenv/versions/2.2.1/lib/ruby/gems/2.2.0/gems/web-console-2.3.0/lib/web_console/templates/_inner_console_markup.html.erb within layouts/inlined_string (0.4ms)
  Rendered /home/maris/.rbenv/versions/2.2.1/lib/ruby/gems/2.2.0/gems/web-console-2.3.0/lib/web_console/templates/_prompt_box_markup.html.erb within layouts/inlined_string (0.4ms)
  Rendered /home/maris/.rbenv/versions/2.2.1/lib/ruby/gems/2.2.0/gems/web-console-2.3.0/lib/web_console/templates/style.css.erb within layouts/inlined_string (0.4ms)
  Rendered /home/maris/.rbenv/versions/2.2.1/lib/ruby/gems/2.2.0/gems/web-console-2.3.0/lib/web_console/templates/console.js.erb within layouts/javascript (27.6ms)
  Rendered /home/maris/.rbenv/versions/2.2.1/lib/ruby/gems/2.2.0/gems/web-console-2.3.0/lib/web_console/templates/main.js.erb within layouts/javascript (0.3ms)
  Rendered /home/maris/.rbenv/versions/2.2.1/lib/ruby/gems/2.2.0/gems/web-console-2.3.0/lib/web_console/templates/error_page.js.erb within layouts/javascript (0.5ms)
  Rendered /home/maris/.rbenv/versions/2.2.1/lib/ruby/gems/2.2.0/gems/web-console-2.3.0/lib/web_console/templates/index.html.erb (52.6ms)
  [1m[36m (111.2ms)[0m  [1mCREATE TABLE "schema_migrations" ("version" varchar NOT NULL) [0m
  [1m[35m (0.1ms)[0m  select sqlite_version(*)
  [1m[36m (110.7ms)[0m  [1mCREATE UNIQUE INDEX "unique_schema_migrations" ON "schema_migrations" ("version")[0m
  [1m[35mActiveRecord::SchemaMigration Load (0.1ms)[0m  SELECT "schema_migrations".* FROM "schema_migrations"
Migrating to CreatePlates (20160921052950)
  [1m[36m (0.1ms)[0m  [1mbegin transaction[0m
  [1m[35m (0.4ms)[0m  CREATE TABLE "plates" ("id" INTEGER PRIMARY KEY AUTOINCREMENT NOT NULL, "title" varchar, "description" text, "producer" varchar, "created_at" datetime NOT NULL, "updated_at" datetime NOT NULL) 
  [1m[36mSQL (0.2ms)[0m  [1mINSERT INTO "schema_migrations" ("version") VALUES (?)[0m  [["version", "20160921052950"]]
  [1m[35m (98.6ms)[0m  commit transaction
Migrating to CreateIngredients (20160921063823)
  [1m[36m (0.1ms)[0m  [1mbegin transaction[0m
  [1m[35m (0.3ms)[0m  CREATE TABLE "ingredients" ("id" INTEGER PRIMARY KEY AUTOINCREMENT NOT NULL, "content" text, "plate_id" integer, "created_at" datetime NOT NULL, "updated_at" datetime NOT NULL) 
  [1m[36m (0.1ms)[0m  [1mCREATE  INDEX "index_ingredients_on_plate_id" ON "ingredients" ("plate_id")[0m
  [1m[35mSQL (0.1ms)[0m  INSERT INTO "schema_migrations" ("version") VALUES (?)  [["version", "20160921063823"]]
  [1m[36m (97.3ms)[0m  [1mcommit transaction[0m
  [1m[35mActiveRecord::SchemaMigration Load (0.1ms)[0m  SELECT "schema_migrations".* FROM "schema_migrations"
  [1m[36m (0.2ms)[0m  [1m            SELECT sql
            FROM sqlite_master
            WHERE name='index_ingredients_on_plate_id' AND type='index'
            UNION ALL
            SELECT sql
            FROM sqlite_temp_master
            WHERE name='index_ingredients_on_plate_id' AND type='index'
[0m


Started GET "/plates" for 127.0.0.1 at 2016-09-25 12:48:44 -0500
  [1m[36mActiveRecord::SchemaMigration Load (0.1ms)[0m  [1mSELECT "schema_migrations".* FROM "schema_migrations"[0m
Processing by PlatesController#index as HTML
  [1m[35mPlate Load (0.2ms)[0m  SELECT "plates".* FROM "plates"
  Rendered plates/index.html.erb within layouts/application (2.1ms)
Completed 200 OK in 1311ms (Views: 1295.3ms | ActiveRecord: 0.3ms)


Started GET "/assets/ingredients.self-e3b0c44298fc1c149afbf4c8996fb92427ae41e4649b934ca495991b7852b855.css?body=1" for 127.0.0.1 at 2016-09-25 12:48:46 -0500


Started GET "/assets/landing.self-e3b0c44298fc1c149afbf4c8996fb92427ae41e4649b934ca495991b7852b855.css?body=1" for 127.0.0.1 at 2016-09-25 12:48:46 -0500


Started GET "/assets/plates.self-e3b0c44298fc1c149afbf4c8996fb92427ae41e4649b934ca495991b7852b855.css?body=1" for 127.0.0.1 at 2016-09-25 12:48:46 -0500


Started GET "/assets/application.self-e80e8f2318043e8af94dddc2adad5a4f09739a8ebb323b3ab31cd71d45fd9113.css?body=1" for 127.0.0.1 at 2016-09-25 12:48:46 -0500


Started GET "/assets/jquery.self-bd7ddd393353a8d2480a622e80342adf488fb6006d667e8b42e4c0073393abee.js?body=1" for 127.0.0.1 at 2016-09-25 12:48:46 -0500


Started GET "/assets/turbolinks.self-c5acd7a204f5f25ce7a1d8a0e4d92e28d34c9e2df2c7371cd7af88e147e4ad82.js?body=1" for 127.0.0.1 at 2016-09-25 12:48:46 -0500


Started GET "/assets/jquery_ujs.self-784a997f6726036b1993eb2217c9cb558e1cbb801c6da88105588c56f13b466a.js?body=1" for 127.0.0.1 at 2016-09-25 12:48:46 -0500


Started GET "/assets/landing.self-877aef30ae1b040ab8a3aba4e3e309a11d7f2612f44dde450b5c157aa5f95c05.js?body=1" for 127.0.0.1 at 2016-09-25 12:48:46 -0500


Started GET "/assets/ingredients.self-877aef30ae1b040ab8a3aba4e3e309a11d7f2612f44dde450b5c157aa5f95c05.js?body=1" for 127.0.0.1 at 2016-09-25 12:48:46 -0500


Started GET "/assets/plates.self-877aef30ae1b040ab8a3aba4e3e309a11d7f2612f44dde450b5c157aa5f95c05.js?body=1" for 127.0.0.1 at 2016-09-25 12:48:46 -0500


Started GET "/assets/application.self-3b8dabdc891efe46b9a144b400ad69e37d7e5876bdc39dee783419a69d7ca819.js?body=1" for 127.0.0.1 at 2016-09-25 12:48:46 -0500


Started GET "/plates/new" for 127.0.0.1 at 2016-09-25 12:48:47 -0500
Processing by PlatesController#new as HTML
  Rendered plates/_form.html.erb (28.9ms)
  Rendered plates/new.html.erb within layouts/application (30.5ms)
Completed 200 OK in 76ms (Views: 66.5ms | ActiveRecord: 1.4ms)


Started POST "/plates" for 127.0.0.1 at 2016-09-25 12:48:57 -0500
Processing by PlatesController#create as HTML
  Parameters: {"utf8"=>"✓", "authenticity_token"=>"hY9fHw0flxwm5DeUhxhlJ2o7ho+OE0AbdUJ9AECySNV0MQ2SkMkSbqYta4E+sEMQ29+ERUnUFg8UNBns4wrcqQ==", "plate"=>{"title"=>"pizza", "description"=>"psakjdskdnds", "producer"=>"mdkkes"}, "commit"=>"Create Plate"}
  [1m[36m (0.1ms)[0m  [1mbegin transaction[0m
  [1m[35mPlate Exists (1.1ms)[0m  SELECT  1 AS one FROM "plates" WHERE ("plates"."title" = 'pizza' AND "plates"."producer" = 'mdkkes') LIMIT 1
  [1m[36mSQL (0.3ms)[0m  [1mINSERT INTO "plates" ("title", "description", "producer", "created_at", "updated_at") VALUES (?, ?, ?, ?, ?)[0m  [["title", "pizza"], ["description", "psakjdskdnds"], ["producer", "mdkkes"], ["created_at", "2016-09-25 17:48:57.446139"], ["updated_at", "2016-09-25 17:48:57.446139"]]
  [1m[35m (287.7ms)[0m  commit transaction
Redirected to http://localhost:3000/plates
Completed 302 Found in 318ms (ActiveRecord: 289.3ms)


Started GET "/plates" for 127.0.0.1 at 2016-09-25 12:48:57 -0500
Processing by PlatesController#index as HTML
  [1m[36mPlate Load (0.2ms)[0m  [1mSELECT "plates".* FROM "plates"[0m
  Rendered plates/index.html.erb within layouts/application (2.1ms)
Completed 200 OK in 27ms (Views: 25.8ms | ActiveRecord: 0.2ms)


Started GET "/plates/new" for 127.0.0.1 at 2016-09-25 12:48:59 -0500
Processing by PlatesController#new as HTML
  Rendered plates/_form.html.erb (2.2ms)
  Rendered plates/new.html.erb within layouts/application (3.2ms)
Completed 200 OK in 38ms (Views: 28.5ms | ActiveRecord: 0.0ms)


Started POST "/plates" for 127.0.0.1 at 2016-09-25 12:49:09 -0500
Processing by PlatesController#create as HTML
  Parameters: {"utf8"=>"✓", "authenticity_token"=>"bNK1Bjw1R3pxR4A4KJbHtM8oxy/quZGIEzD7NUuBxL+dbOeLoePCCPGO3C2RPuGDfszF5S1+x5xyRp/Z6DlQww==", "plate"=>{"title"=>"pollo", "description"=>"medkjwejdknswd", "producer"=>"ndsnjwenkwe"}, "commit"=>"Create Plate"}
  [1m[35m (0.1ms)[0m  begin transaction
  [1m[36mPlate Exists (0.2ms)[0m  [1mSELECT  1 AS one FROM "plates" WHERE ("plates"."title" = 'pollo' AND "plates"."producer" = 'ndsnjwenkwe') LIMIT 1[0m
  [1m[35mSQL (0.2ms)[0m  INSERT INTO "plates" ("title", "description", "producer", "created_at", "updated_at") VALUES (?, ?, ?, ?, ?)  [["title", "pollo"], ["description", "medkjwejdknswd"], ["producer", "ndsnjwenkwe"], ["created_at", "2016-09-25 17:49:09.410073"], ["updated_at", "2016-09-25 17:49:09.410073"]]
  [1m[36m (250.4ms)[0m  [1mcommit transaction[0m
Redirected to http://localhost:3000/plates
Completed 302 Found in 255ms (ActiveRecord: 250.9ms)


Started GET "/plates" for 127.0.0.1 at 2016-09-25 12:49:09 -0500
Processing by PlatesController#index as HTML
  [1m[35mPlate Load (0.2ms)[0m  SELECT "plates".* FROM "plates"
  Rendered plates/index.html.erb within layouts/application (1.6ms)
Completed 200 OK in 22ms (Views: 20.8ms | ActiveRecord: 0.2ms)
  [1m[36mActiveRecord::SchemaMigration Load (0.1ms)[0m  [1mSELECT "schema_migrations".* FROM "schema_migrations"[0m
Migrating to CreateVotes (20160925175612)
  [1m[35m (0.1ms)[0m  begin transaction
  [1m[36m (0.4ms)[0m  [1mCREATE TABLE "votes" ("id" INTEGER PRIMARY KEY AUTOINCREMENT NOT NULL, "plate_id" integer, "created_at" datetime NOT NULL, "updated_at" datetime NOT NULL) [0m
  [1m[35mSQL (0.2ms)[0m  INSERT INTO "schema_migrations" ("version") VALUES (?)  [["version", "20160925175612"]]
  [1m[36m (169.2ms)[0m  [1mcommit transaction[0m
  [1m[35mActiveRecord::SchemaMigration Load (0.1ms)[0m  SELECT "schema_migrations".* FROM "schema_migrations"
  [1m[36m (0.2ms)[0m  [1m            SELECT sql
            FROM sqlite_master
            WHERE name='index_ingredients_on_plate_id' AND type='index'
            UNION ALL
            SELECT sql
            FROM sqlite_temp_master
            WHERE name='index_ingredients_on_plate_id' AND type='index'
[0m
  [1m[36m (0.2ms)[0m  [1mSELECT COUNT(*) FROM "plates"[0m
  [1m[35mPlate Load (0.3ms)[0m  SELECT  "plates".* FROM "plates"  ORDER BY "plates"."id" ASC LIMIT 1


Started GET "/plates" for 127.0.0.1 at 2016-09-25 13:09:25 -0500
  [1m[36mActiveRecord::SchemaMigration Load (0.1ms)[0m  [1mSELECT "schema_migrations".* FROM "schema_migrations"[0m
Processing by PlatesController#index as HTML
  [1m[35mPlate Load (0.2ms)[0m  SELECT "plates".* FROM "plates"
  [1m[36m (0.2ms)[0m  [1mSELECT COUNT(*) FROM "votes" WHERE "votes"."plate_id" = ?[0m  [["plate_id", 1]]
  [1m[35m (0.1ms)[0m  SELECT COUNT(*) FROM "votes" WHERE "votes"."plate_id" = ?  [["plate_id", 2]]
  Rendered plates/index.html.erb within layouts/application (49.9ms)
Completed 200 OK in 125ms (Views: 118.3ms | ActiveRecord: 1.5ms)


Started GET "/assets/ingredients.self-e3b0c44298fc1c149afbf4c8996fb92427ae41e4649b934ca495991b7852b855.css?body=1" for 127.0.0.1 at 2016-09-25 13:09:25 -0500


Started GET "/assets/jquery.self-bd7ddd393353a8d2480a622e80342adf488fb6006d667e8b42e4c0073393abee.js?body=1" for 127.0.0.1 at 2016-09-25 13:09:25 -0500


Started GET "/assets/turbolinks.self-c5acd7a204f5f25ce7a1d8a0e4d92e28d34c9e2df2c7371cd7af88e147e4ad82.js?body=1" for 127.0.0.1 at 2016-09-25 13:09:25 -0500


Started GET "/assets/plates.self-e3b0c44298fc1c149afbf4c8996fb92427ae41e4649b934ca495991b7852b855.css?body=1" for 127.0.0.1 at 2016-09-25 13:09:25 -0500


Started GET "/assets/application.self-e80e8f2318043e8af94dddc2adad5a4f09739a8ebb323b3ab31cd71d45fd9113.css?body=1" for 127.0.0.1 at 2016-09-25 13:09:25 -0500


Started GET "/assets/jquery_ujs.self-784a997f6726036b1993eb2217c9cb558e1cbb801c6da88105588c56f13b466a.js?body=1" for 127.0.0.1 at 2016-09-25 13:09:25 -0500


Started GET "/assets/landing.self-e3b0c44298fc1c149afbf4c8996fb92427ae41e4649b934ca495991b7852b855.css?body=1" for 127.0.0.1 at 2016-09-25 13:09:25 -0500


Started GET "/assets/ingredients.self-877aef30ae1b040ab8a3aba4e3e309a11d7f2612f44dde450b5c157aa5f95c05.js?body=1" for 127.0.0.1 at 2016-09-25 13:09:25 -0500


Started GET "/assets/landing.self-877aef30ae1b040ab8a3aba4e3e309a11d7f2612f44dde450b5c157aa5f95c05.js?body=1" for 127.0.0.1 at 2016-09-25 13:09:25 -0500


Started GET "/assets/plates.self-877aef30ae1b040ab8a3aba4e3e309a11d7f2612f44dde450b5c157aa5f95c05.js?body=1" for 127.0.0.1 at 2016-09-25 13:09:25 -0500


Started GET "/assets/application.self-3b8dabdc891efe46b9a144b400ad69e37d7e5876bdc39dee783419a69d7ca819.js?body=1" for 127.0.0.1 at 2016-09-25 13:09:25 -0500


Started POST "/plates/1/upvote" for 127.0.0.1 at 2016-09-25 13:09:27 -0500
Processing by PlatesController#upvote as HTML
  Parameters: {"authenticity_token"=>"FHtW4Y6zEvUp6XEI2ogHOhm5prQa/V81kjmKFXRRLIjlxQRsE2WXh6kgLR1jICENqF2kft06CSHzT+751+m49A==", "id"=>"1"}
  [1m[36mPlate Load (0.2ms)[0m  [1mSELECT  "plates".* FROM "plates" WHERE "plates"."id" = ? LIMIT 1[0m  [["id", 1]]
  [1m[35m (0.1ms)[0m  begin transaction
  [1m[36mSQL (0.3ms)[0m  [1mINSERT INTO "votes" ("plate_id", "created_at", "updated_at") VALUES (?, ?, ?)[0m  [["plate_id", 1], ["created_at", "2016-09-25 18:09:27.039363"], ["updated_at", "2016-09-25 18:09:27.039363"]]
  [1m[35m (245.8ms)[0m  commit transaction
Redirected to http://localhost:3000/plates
Completed 302 Found in 269ms (ActiveRecord: 246.5ms)


Started GET "/plates" for 127.0.0.1 at 2016-09-25 13:09:27 -0500
Processing by PlatesController#index as HTML
  [1m[36mPlate Load (0.2ms)[0m  [1mSELECT "plates".* FROM "plates"[0m
  [1m[35m (0.1ms)[0m  SELECT COUNT(*) FROM "votes" WHERE "votes"."plate_id" = ?  [["plate_id", 1]]
  [1m[36m (0.1ms)[0m  [1mSELECT COUNT(*) FROM "votes" WHERE "votes"."plate_id" = ?[0m  [["plate_id", 2]]
  Rendered plates/index.html.erb within layouts/application (5.2ms)
Completed 200 OK in 40ms (Views: 39.2ms | ActiveRecord: 0.4ms)


Started POST "/plates/1/upvote" for 127.0.0.1 at 2016-09-25 13:09:28 -0500
Processing by PlatesController#upvote as HTML
  Parameters: {"authenticity_token"=>"nV/Jqw9XECR25vI1K6ya/9O6FN3kXSxnGSsCNIVG3PRs4ZsmkoGVVvYvriCSBLzIYl4WFyOaenN4XWbYJv5IiA==", "id"=>"1"}
  [1m[35mPlate Load (0.1ms)[0m  SELECT  "plates".* FROM "plates" WHERE "plates"."id" = ? LIMIT 1  [["id", 1]]
  [1m[36m (0.1ms)[0m  [1mbegin transaction[0m
  [1m[35mSQL (0.2ms)[0m  INSERT INTO "votes" ("plate_id", "created_at", "updated_at") VALUES (?, ?, ?)  [["plate_id", 1], ["created_at", "2016-09-25 18:09:28.302203"], ["updated_at", "2016-09-25 18:09:28.302203"]]
  [1m[36m (248.8ms)[0m  [1mcommit transaction[0m
Redirected to http://localhost:3000/plates
Completed 302 Found in 254ms (ActiveRecord: 249.2ms)


Started GET "/plates" for 127.0.0.1 at 2016-09-25 13:09:28 -0500
Processing by PlatesController#index as HTML
  [1m[35mPlate Load (0.3ms)[0m  SELECT "plates".* FROM "plates"
  [1m[36m (0.1ms)[0m  [1mSELECT COUNT(*) FROM "votes" WHERE "votes"."plate_id" = ?[0m  [["plate_id", 1]]
  [1m[35m (0.1ms)[0m  SELECT COUNT(*) FROM "votes" WHERE "votes"."plate_id" = ?  [["plate_id", 2]]
  Rendered plates/index.html.erb within layouts/application (6.9ms)
Completed 200 OK in 25ms (Views: 23.9ms | ActiveRecord: 0.5ms)


Started POST "/plates/2/upvote" for 127.0.0.1 at 2016-09-25 13:09:29 -0500
Processing by PlatesController#upvote as HTML
  Parameters: {"authenticity_token"=>"CZxhV+2FVQZ90m0BAQvQklZ4jMvw0qDEHqdNF5lytLj4IjPacFPQdP0bMRS4o/al55yOATcV9tB/0Sn7OsogxA==", "id"=>"2"}
  [1m[36mPlate Load (0.2ms)[0m  [1mSELECT  "plates".* FROM "plates" WHERE "plates"."id" = ? LIMIT 1[0m  [["id", 2]]
  [1m[35m (0.1ms)[0m  begin transaction
  [1m[36mSQL (0.2ms)[0m  [1mINSERT INTO "votes" ("plate_id", "created_at", "updated_at") VALUES (?, ?, ?)[0m  [["plate_id", 2], ["created_at", "2016-09-25 18:09:29.599628"], ["updated_at", "2016-09-25 18:09:29.599628"]]
  [1m[35m (194.0ms)[0m  commit transaction
Redirected to http://localhost:3000/plates
Completed 302 Found in 199ms (ActiveRecord: 194.5ms)


Started GET "/plates" for 127.0.0.1 at 2016-09-25 13:09:29 -0500
Processing by PlatesController#index as HTML
  [1m[36mPlate Load (0.2ms)[0m  [1mSELECT "plates".* FROM "plates"[0m
  [1m[35m (0.1ms)[0m  SELECT COUNT(*) FROM "votes" WHERE "votes"."plate_id" = ?  [["plate_id", 1]]
  [1m[36m (0.2ms)[0m  [1mSELECT COUNT(*) FROM "votes" WHERE "votes"."plate_id" = ?[0m  [["plate_id", 2]]
  Rendered plates/index.html.erb within layouts/application (6.5ms)
Completed 200 OK in 25ms (Views: 23.2ms | ActiveRecord: 0.5ms)


Started POST "/plates/2/upvote" for 127.0.0.1 at 2016-09-25 13:09:30 -0500
Processing by PlatesController#upvote as HTML
  Parameters: {"authenticity_token"=>"N7wBsCzitKFWd69/swVgPuJkDWvWO7VZmmUNhG/516XGAlM9sTQx09a+82oKrUYJU4APoRH84037E2lozEFD2Q==", "id"=>"2"}
  [1m[35mPlate Load (0.1ms)[0m  SELECT  "plates".* FROM "plates" WHERE "plates"."id" = ? LIMIT 1  [["id", 2]]
  [1m[36m (0.1ms)[0m  [1mbegin transaction[0m
  [1m[35mSQL (0.3ms)[0m  INSERT INTO "votes" ("plate_id", "created_at", "updated_at") VALUES (?, ?, ?)  [["plate_id", 2], ["created_at", "2016-09-25 18:09:30.552371"], ["updated_at", "2016-09-25 18:09:30.552371"]]
  [1m[36m (184.1ms)[0m  [1mcommit transaction[0m
Redirected to http://localhost:3000/plates
Completed 302 Found in 190ms (ActiveRecord: 184.6ms)


Started GET "/plates" for 127.0.0.1 at 2016-09-25 13:09:30 -0500
Processing by PlatesController#index as HTML
  [1m[35mPlate Load (0.2ms)[0m  SELECT "plates".* FROM "plates"
  [1m[36m (0.1ms)[0m  [1mSELECT COUNT(*) FROM "votes" WHERE "votes"."plate_id" = ?[0m  [["plate_id", 1]]
  [1m[35m (0.1ms)[0m  SELECT COUNT(*) FROM "votes" WHERE "votes"."plate_id" = ?  [["plate_id", 2]]
  Rendered plates/index.html.erb within layouts/application (4.1ms)
Completed 200 OK in 22ms (Views: 21.1ms | ActiveRecord: 0.3ms)
